Arguments: 
  /Users/leya/.nvm/versions/node/v10.10.0/lib/node_modules/node/bin/node /Users/leya/.nvm/versions/node/v10.10.0/lib/node_modules/node/bin/yarn

PATH: 
  /Users/leya/.nvm/versions/node/v10.10.0/lib/node_modules/node/bin:/Users/leya/.nvm/versions/node/v10.10.0/bin:/usr/local/bin:/usr/bin:/bin:/usr/sbin:/sbin:/usr/local/go/bin:/Users/leya/.nvm/versions/node/v10.10.0/lib/node_modules/node/bin:/Users/leya/Downloads/apache-maven-3.6.3/bin:/Users/leya/Downloads/apache-maven-3.6.3/bin

Yarn version: 
  1.22.4

Node version: 
  13.6.0

Platform: 
  darwin x64

Trace: 
  Error: https://registry.npm.alibaba-inc.com/@types%2fclassnabrowserslistmes: [not_found] document not found
      at Request.params.callback [as _callback] (/Users/leya/.nvm/versions/node/v10.10.0/lib/node_modules/node/lib/node_modules/yarn/lib/cli.js:66987:18)
      at Request.self.callback (/Users/leya/.nvm/versions/node/v10.10.0/lib/node_modules/node/lib/node_modules/yarn/lib/cli.js:140748:22)
      at Request.emit (events.js:321:20)
      at Request.<anonymous> (/Users/leya/.nvm/versions/node/v10.10.0/lib/node_modules/node/lib/node_modules/yarn/lib/cli.js:141720:10)
      at Request.emit (events.js:321:20)
      at IncomingMessage.<anonymous> (/Users/leya/.nvm/versions/node/v10.10.0/lib/node_modules/node/lib/node_modules/yarn/lib/cli.js:141642:12)
      at Object.onceWrapper (events.js:427:28)
      at IncomingMessage.emit (events.js:333:22)
      at endReadableNT (_stream_readable.js:1220:12)
      at processTicksAndRejections (internal/process/task_queues.js:84:21)

npm manifest: 
  {
    "name": "ant-design-pro",
    "version": "1.0.0",
    "private": true,
    "description": "An out-of-box UI solution for enterprise applications",
    "scripts": {
      "analyze": "cross-env ANALYZE=1 umi build",
      "build": "umi build",
      "deploy": "npm run site && npm run gh-pages",
      "fetch:blocks": "pro fetch-blocks --branch antd@4 && npm run prettier",
      "format-imports": "cross-env import-sort --write '**/*.{js,jsx,ts,tsx}'",
      "gh-pages": "cp CNAME ./dist/ && gh-pages -d dist",
      "i18n-remove": "pro i18n-remove --locale=zh-CN --write",
      "lint": "npm run lint:js && npm run lint:style && npm run lint:prettier",
      "lint-staged": "lint-staged",
      "lint-staged:js": "eslint --ext .js,.jsx,.ts,.tsx ",
      "lint:fix": "eslint --fix --cache --ext .js,.jsx,.ts,.tsx --format=pretty ./src && npm run lint:style",
      "lint:js": "eslint --cache --ext .js,.jsx,.ts,.tsx --format=pretty ./src",
      "lint:prettier": "check-prettier lint",
      "lint:style": "stylelint --fix \"src/**/*.less\" --syntax less",
      "prettier": "prettier -c --write \"**/*\"",
      "start": "umi dev",
      "start:no-mock": "cross-env MOCK=none umi dev",
      "start:no-ui": "cross-env UMI_UI=none umi dev",
      "test": "umi test",
      "test:all": "node ./tests/run-tests.js",
      "test:component": "umi test ./src/components",
      "tsc": "tsc",
      "ui": "umi ui"
    },
    "lint-staged": {
      "**/*.less": "stylelint --syntax less",
      "**/*.{js,jsx,ts,tsx}": "npm run lint-staged:js",
      "**/*.{js,jsx,tsx,ts,less,md,json}": [
        "prettier --write",
        "git add"
      ]
    },
    "browserslist": [
      "> 1%",
      "last 2 versions",
      "not ie <= 10"
    ],
    "dependencies": {
      "@ant-design/icons": "^4.0.2",
      "@ant-design/pro-layout": "^5.0.6",
      "@ant-design/pro-table": "^2.1.7",
      "@antv/data-set": "^0.10.2",
      "@types/lodash.isequal": "^4.5.5",
      "@umijs/plugin-locale": "^0.10.4",
      "antd": "^4.3.1",
      "classnames": "^2.2.6",
      "lodash": "^4.17.11",
      "lodash-decorators": "^6.0.1",
      "lodash.isequal": "^4.5.0",
      "moment": "^2.24.0",
      "omit.js": "^1.0.2",
      "path-to-regexp": "2.4.0",
      "qs": "^6.9.0",
      "react": "^16.8.6",
      "react-copy-to-clipboard": "^5.0.1",
      "react-dom": "^16.8.6",
      "react-helmet": "^5.2.1",
      "react-lazylog": "^4.5.2",
      "react-monaco-editor": "^0.36.0",
      "umi": "^3.2.23",
      "umi-request": "^1.0.8",
      "use-merge-value": "^1.0.1"
    },
    "devDependencies": {
      "@ant-design/pro-cli": "^1.0.17",
      "@types/classnabrowserslistmes": "^2.2.7",
      "@types/express": "^4.17.0",
      "@types/history": "^4.7.2",
      "@types/jest": "^24.0.24",
      "@types/lodash": "^4.14.144",
      "@types/qs": "^6.5.3",
      "@types/react": "^16.9.17",
      "@types/react-dom": "^16.8.4",
      "@types/react-helmet": "^5.0.13",
      "@umijs/fabric": "2.0.0",
      "chalk": "^3.0.0",
      "check-prettier": "^1.0.3",
      "cross-env": "^6.0.0",
      "cross-port-killer": "^1.1.1",
      "enzyme": "^3.11.0",
      "eslint": "^7.4.0",
      "eslint-config-standard": "^14.1.1",
      "eslint-plugin-import": "^2.22.0",
      "eslint-plugin-node": "^11.1.0",
      "eslint-plugin-promise": "^4.2.1",
      "eslint-plugin-react": "^7.20.3",
      "eslint-plugin-standard": "^4.0.1",
      "express": "^4.17.1",
      "gh-pages": "^2.0.1",
      "import-sort-cli": "^6.0.0",
      "import-sort-parser-babylon": "^6.0.0",
      "import-sort-parser-typescript": "^6.0.0",
      "import-sort-style-module": "^6.0.0",
      "jest-puppeteer": "^4.4.0",
      "jsdom-global": "^3.0.2",
      "lint-staged": "^9.0.0",
      "mockjs": "^1.0.1-beta3",
      "node-fetch": "^2.6.0",
      "prettier": "^1.19.1",
      "pro-download": "1.0.1",
      "stylelint": "^13.0.0",
      "@umijs/plugin-blocks": "^2.0.5",
      "@umijs/preset-ant-design-pro": "^1.0.1",
      "@umijs/preset-react": "^1.3.0",
      "@umijs/preset-ui": "^2.0.9"
    },
    "optionalDependencies": {
      "puppeteer": "^2.0.0"
    },
    "engines": {
      "node": ">=10.0.0"
    },
    "checkFiles": [
      "src/**/*.js*",
      "src/**/*.ts*",
      "src/**/*.less",
      "config/**/*.js*",
      "scripts/**/*.js"
    ]
  }

yarn manifest: 
  No manifest

Lockfile: 
  No lockfile
